<?xml version="1.0" encoding="UTF-8"?>
<!-- Generated by org.testng.reporters.JUnitReportReporter -->
<testsuite skipped="0" hostname="LAPTOP-OMRO4GL7" name="script.TestDemo2" tests="1" failures="0" timestamp="28 Sep 2018 17:39:19 GMT" time="33.252" errors="0">
  <testcase name="testDemo2" time="33.252" classname="script.TestDemo2"/>
</testsuite> <!-- script.TestDemo2 -->
