<?xml version="1.0" encoding="UTF-8"?>
<!-- Generated by org.testng.reporters.JUnitReportReporter -->
<testsuite skipped="0" hostname="LAPTOP-OMRO4GL7" name="script.TestDemo2" tests="1" failures="0" timestamp="28 Sep 2018 08:23:41 GMT" time="7.796" errors="0">
  <testcase name="testDemo2" time="7.796" classname="script.TestDemo2"/>
</testsuite> <!-- script.TestDemo2 -->
